0.off
dn1.xsq.off
dn2.xsq.off
dn3.xsq.off
mn1.xsq.off
mn2.xsq.off
mn3.xsq.off
sn1.xsq.off
sn2.xsq.off
sn3.xsq.off
sn4.xsq.off
sn5.xsq.off
an1.xsq.off
an2.xsq.off
an3.xsq.off
an4.xsq.off
an5.xsq.off
an6.xsq.off
an7.xsq.off
an8.xsq.off
an9.xsq.off
an10.xsq.off
an11.xsq.off
dn1.xsq.tsv
dn2.xsq.tsv
dn3.xsq.tsv
mn1.xsq.tsv
mn2.xsq.tsv
mn3.xsq.tsv
sn1.xsq.tsv
sn2.xsq.tsv
sn3.xsq.tsv
sn4.xsq.tsv
sn5.xsq.tsv
an1.xsq.tsv
an2.xsq.tsv
an3.xsq.tsv
an4.xsq.tsv
an5.xsq.tsv
an6.xsq.tsv
an7.xsq.tsv
an8.xsq.tsv
an9.xsq.tsv
an10.xsq.tsv
an11.xsq.tsv
sent.tsv